<?xml version="1.0" encoding="UTF-8"?>
<!-- Generated by org.testng.reporters.JUnitXMLReporter -->
<testsuite ignored="3" hostname="DESKTOP-7BSILN1" failures="0" tests="0" time="0.001" errors="0" timestamp="2025-01-11T21:25:04 EET">
  <testcase classname="Tests.AddingItemsToCart" name="AddItemsToCart" time="0.0">
    <ignored/>
  </testcase> <!-- AddItemsToCart -->
  <testcase classname="Tests.AddingItemsToCart" name="CheckingSearchFunctionality" time="0.0">
    <ignored/>
  </testcase> <!-- CheckingSearchFunctionality -->
  <testcase classname="Tests.AddingItemsToCart" name="CheckingProductDetails" time="0.0">
    <ignored/>
  </testcase> <!-- CheckingProductDetails -->
</testsuite>
