<?xml version="1.0" encoding="UTF-8"?>
<!-- Generated by org.testng.reporters.JUnitXMLReporter -->
<testsuite ignored="2" hostname="DESKTOP-7BSILN1" failures="0" tests="0" time="0.0" errors="0" timestamp="2025-01-11T21:25:04 EET">
  <testcase classname="Tests.CartTests" name="CheckingRemoveItemsFromCart" time="0.0">
    <ignored/>
  </testcase> <!-- CheckingRemoveItemsFromCart -->
  <testcase classname="Tests.CartTests" name="CheckingItemsPrices" time="0.0">
    <ignored/>
  </testcase> <!-- CheckingItemsPrices -->
</testsuite>
