<?xml version="1.0" encoding="UTF-8"?>
<!-- Generated by org.testng.reporters.JUnitXMLReporter -->
<testsuite ignored="0" hostname="DESKTOP-7BSILN1" failures="0" tests="3" name="PurchaseTests" time="40.089" errors="0" timestamp="2025-01-11T21:25:04 EET">
  <testcase classname="Tests.PurchaseTests" name="FullPurchaseProcessAlreadyLogin" time="9.081"/>
  <testcase classname="Tests.PurchaseTests" name="FullPurchaseProcessNotLoggedIn" time="10.779"/>
  <testcase classname="Tests.PurchaseTests" name="FullPurchaseProcessNotRegistered" time="10.381"/>
</testsuite> <!-- PurchaseTests -->
