<?xml version="1.0" encoding="UTF-8"?>
<!-- Generated by org.testng.reporters.JUnitXMLReporter -->
<testsuite ignored="1" hostname="DESKTOP-7BSILN1" failures="0" tests="1" name="SignUpTest" time="13.846" errors="0" timestamp="2025-01-11T21:24:13 EET">
  <testcase classname="Tests.SignUp" name="InvalidRegisterUsingAlreadyRegisteredEmail" time="1.193"/>
  <testcase classname="Tests.SignUp" name="ValidSignUpThenDelete" time="0.0">
    <ignored/>
  </testcase> <!-- ValidSignUpThenDelete -->
</testsuite> <!-- SignUpTest -->
