<?xml version="1.0" encoding="UTF-8"?>
<!-- Generated by org.testng.reporters.JUnitXMLReporter -->
<testsuite ignored="0" hostname="DESKTOP-7BSILN1" failures="0" tests="3" name="AddingItemsToCartTests" time="18.875" errors="0" timestamp="2025-01-11T22:47:23 EET">
  <testcase classname="Tests.AddingItemsToCart" name="AddItemsToCart" time="2.943"/>
  <testcase classname="Tests.AddingItemsToCart" name="CheckingProductDetails" time="2.178"/>
  <testcase classname="Tests.AddingItemsToCart" name="CheckingSearchFunctionality" time="1.814"/>
</testsuite> <!-- AddingItemsToCartTests -->
