<?xml version="1.0" encoding="UTF-8"?>
<!-- Generated by org.testng.reporters.JUnitXMLReporter -->
<testsuite ignored="3" hostname="DESKTOP-7BSILN1" failures="0" tests="0" time="0.001" errors="0" timestamp="2025-01-11T22:46:49 EET">
  <testcase classname="Tests.PurchaseTests" name="FullPurchaseProcessAlreadyLogin" time="0.0">
    <ignored/>
  </testcase> <!-- FullPurchaseProcessAlreadyLogin -->
  <testcase classname="Tests.PurchaseTests" name="FullPurchaseProcessNotRegistered" time="0.0">
    <ignored/>
  </testcase> <!-- FullPurchaseProcessNotRegistered -->
  <testcase classname="Tests.PurchaseTests" name="FullPurchaseProcessNotLoggedIn" time="0.0">
    <ignored/>
  </testcase> <!-- FullPurchaseProcessNotLoggedIn -->
</testsuite>
