<?xml version="1.0" encoding="UTF-8"?>
<!-- Generated by org.testng.reporters.JUnitXMLReporter -->
<testsuite ignored="0" hostname="DESKTOP-7BSILN1" failures="0" tests="12" name="AllTests" time="108.095" errors="0" timestamp="2025-01-12T00:11:55 EET">
  <testcase classname="Tests.AddingItemsToCart" name="AddItemsToCart" time="2.625"/>
  <testcase classname="Tests.AddingItemsToCart" name="CheckingProductDetails" time="2.057"/>
  <testcase classname="Tests.AddingItemsToCart" name="CheckingSearchFunctionality" time="1.374"/>
  <testcase classname="Tests.CartTests" name="CheckingRemoveItemsFromCart" time="1.603"/>
  <testcase classname="Tests.CartTests" name="CheckingItemsPrices" time="2.893"/>
  <testcase classname="Tests.Login" name="InValidLogin" time="1.117"/>
  <testcase classname="Tests.Login" name="ValidLogin" time="1.649"/>
  <testcase classname="Tests.PurchaseTests" name="FullPurchaseProcessAlreadyLogin" time="9.051"/>
  <testcase classname="Tests.PurchaseTests" name="FullPurchaseProcessNotLoggedIn" time="9.826"/>
  <testcase classname="Tests.PurchaseTests" name="FullPurchaseProcessNotRegistered" time="9.896"/>
  <testcase classname="Tests.SignUp" name="InvalidRegisterUsingAlreadyRegisteredEmail" time="1.002"/>
  <testcase classname="Tests.SignUp" name="ValidSignUpThenDelete" time="3.173"/>
</testsuite> <!-- AllTests -->
