<?xml version="1.0" encoding="UTF-8"?>
<testsuite xmlns:xsi="http://www.w3.org/2001/XMLSchema-instance" xsi:noNamespaceSchemaLocation="https://maven.apache.org/surefire/maven-surefire-plugin/xsd/surefire-test-report-3.0.xsd" version="3.0" name="TestSuite" time="92.894" tests="8" errors="0" skipped="1" failures="1">
  <properties>
[...]
</properties>
  <testcase name="ValidSignUp" classname="Tests.SignUp" time="3.255">
    <system-out><![CDATA[[TestNGContentHandler] [WARN] It is strongly recommended to add "<!DOCTYPE suite SYSTEM "http://testng.org/testng-1.0.dtd" >" at the top of your file, otherwise TestNG may fail or not work as expected.
]]></system-out>
    <system-err><![CDATA[SLF4J(W): No SLF4J providers were found.
SLF4J(W): Defaulting to no-operation (NOP) logger implementation
SLF4J(W): See https://www.slf4j.org/codes.html#noProviders for further details.
]]></system-err>
  </testcase>
  <testcase name="CheckingRemoveItemsFromCart[{SearchProduct=Top, Company=Vodoo, LoginEmail=w4rior44500@gmail.com, ZipCode=22222, FirstItemQuantity=3, Name=Mr. youssef sewalm, SecondItemQuantity=1, MobileNumber=01013940558, Address_1=شارع رقم 4 عماره 72 ميدان النافوره المقطم القاهره, EmptyCartMessage=empty!, Address_2=شارع رقم 4 عماره 72 ميدان النافوره المقطم القاهره, SecondItem=Men Tshirt, FirstItem=Blue Top, Country=India, AddedSuccessfullyMessage=Added!, LoginPassword=12345678}](1)" classname="Tests.CartTests" time="23.598"/>
  <testcase name="NavigateToProductsPage" classname="Tests.CartTests" time="2.62">
    <failure message="Error {&#10;  message=&apos;Target page, context or browser has been closed&#10;  name=&apos;TargetClosedError&#10;  stack=&apos;TargetClosedError: Target page, context or browser has been closed&#10;    at DispatcherConnection.dispatch (C:\Users\giga\AppData\Local\Temp\playwright-java-6764252199987345375\package\lib\server\dispatchers\dispatcher.js:273:44)&#10;    at transport.onmessage (C:\Users\giga\AppData\Local\Temp\playwright-java-6764252199987345375\package\lib\cli\driver.js:52:57)&#10;    at Immediate._onImmediate (C:\Users\giga\AppData\Local\Temp\playwright-java-6764252199987345375\package\lib\protocol\transport.js:77:34)&#10;    at process.processImmediate (node:internal/timers:491:21)&#10;}" type="com.microsoft.playwright.impl.TargetClosedError"><![CDATA[com.microsoft.playwright.impl.TargetClosedError: 
Error {
  message='Target page, context or browser has been closed
  name='TargetClosedError
  stack='TargetClosedError: Target page, context or browser has been closed
    at DispatcherConnection.dispatch (C:\Users\giga\AppData\Local\Temp\playwright-java-6764252199987345375\package\lib\server\dispatchers\dispatcher.js:273:44)
    at transport.onmessage (C:\Users\giga\AppData\Local\Temp\playwright-java-6764252199987345375\package\lib\cli\driver.js:52:57)
    at Immediate._onImmediate (C:\Users\giga\AppData\Local\Temp\playwright-java-6764252199987345375\package\lib\protocol\transport.js:77:34)
    at process.processImmediate (node:internal/timers:491:21)
}
	at com.microsoft.playwright.impl.WaitableResult.get(WaitableResult.java:54)
	at com.microsoft.playwright.impl.ChannelOwner.runUntil(ChannelOwner.java:132)
	at com.microsoft.playwright.impl.Connection.sendMessage(Connection.java:130)
	at com.microsoft.playwright.impl.ChannelOwner.sendMessage(ChannelOwner.java:118)
	at com.microsoft.playwright.impl.FrameImpl.clickImpl(FrameImpl.java:252)
	at com.microsoft.playwright.impl.PageImpl.lambda$click$18(PageImpl.java:688)
	at com.microsoft.playwright.impl.LoggingSupport.lambda$withLogging$0(LoggingSupport.java:36)
	at com.microsoft.playwright.impl.LoggingSupport.withLogging(LoggingSupport.java:47)
	at com.microsoft.playwright.impl.ChannelOwner.withLogging(ChannelOwner.java:97)
	at com.microsoft.playwright.impl.LoggingSupport.withLogging(LoggingSupport.java:35)
	at com.microsoft.playwright.impl.PageImpl.click(PageImpl.java:687)
	at com.microsoft.playwright.Page.click(Page.java:3914)
	at coreElements.Links.Click(Links.java:16)
	at Tests.CartTests.NavigateToProductsPage(CartTests.java:26)
	at java.base/jdk.internal.reflect.DirectMethodHandleAccessor.invoke(DirectMethodHandleAccessor.java:103)
	at java.base/java.lang.reflect.Method.invoke(Method.java:580)
	at org.testng.internal.MethodInvocationHelper.invokeMethod(MethodInvocationHelper.java:124)
	at org.testng.internal.MethodInvocationHelper.invokeMethodConsideringTimeout(MethodInvocationHelper.java:59)
	at org.testng.internal.Invoker.invokeConfigurationMethod(Invoker.java:458)
	at org.testng.internal.Invoker.invokeConfigurations(Invoker.java:222)
	at org.testng.internal.Invoker.invokeMethod(Invoker.java:523)
	at org.testng.internal.Invoker.invokeTestMethod(Invoker.java:719)
	at org.testng.internal.Invoker.invokeTestMethods(Invoker.java:989)
	at org.testng.internal.TestMethodWorker.invokeTestMethods(TestMethodWorker.java:125)
	at org.testng.internal.TestMethodWorker.run(TestMethodWorker.java:109)
	at org.testng.TestRunner.privateRun(TestRunner.java:648)
	at org.testng.TestRunner.run(TestRunner.java:505)
	at org.testng.SuiteRunner.runTest(SuiteRunner.java:455)
	at org.testng.SuiteRunner.runSequentially(SuiteRunner.java:450)
	at org.testng.SuiteRunner.privateRun(SuiteRunner.java:415)
	at org.testng.SuiteRunner.run(SuiteRunner.java:364)
	at org.testng.SuiteRunnerWorker.runSuite(SuiteRunnerWorker.java:52)
	at org.testng.SuiteRunnerWorker.run(SuiteRunnerWorker.java:84)
	at org.testng.TestNG.runSuitesSequentially(TestNG.java:1208)
	at org.testng.TestNG.runSuitesLocally(TestNG.java:1137)
	at org.testng.TestNG.runSuites(TestNG.java:1049)
	at org.testng.TestNG.run(TestNG.java:1017)
	at org.apache.maven.surefire.testng.TestNGExecutor.run(TestNGExecutor.java:324)
	at org.apache.maven.surefire.testng.TestNGXmlTestSuite.execute(TestNGXmlTestSuite.java:74)
	at org.apache.maven.surefire.testng.TestNGProvider.invoke(TestNGProvider.java:123)
	at org.apache.maven.surefire.booter.ForkedBooter.runSuitesInProcess(ForkedBooter.java:456)
	at org.apache.maven.surefire.booter.ForkedBooter.execute(ForkedBooter.java:169)
	at org.apache.maven.surefire.booter.ForkedBooter.run(ForkedBooter.java:595)
	at org.apache.maven.surefire.booter.ForkedBooter.main(ForkedBooter.java:581)
Caused by: com.microsoft.playwright.impl.TargetClosedError: Error {
  message='Target page, context or browser has been closed
  name='TargetClosedError
  stack='TargetClosedError: Target page, context or browser has been closed
    at DispatcherConnection.dispatch (C:\Users\giga\AppData\Local\Temp\playwright-java-6764252199987345375\package\lib\server\dispatchers\dispatcher.js:273:44)
    at transport.onmessage (C:\Users\giga\AppData\Local\Temp\playwright-java-6764252199987345375\package\lib\cli\driver.js:52:57)
    at Immediate._onImmediate (C:\Users\giga\AppData\Local\Temp\playwright-java-6764252199987345375\package\lib\protocol\transport.js:77:34)
    at process.processImmediate (node:internal/timers:491:21)
}
	at com.microsoft.playwright.impl.Connection.dispatch(Connection.java:256)
	at com.microsoft.playwright.impl.Connection.processOneMessage(Connection.java:211)
	at com.microsoft.playwright.impl.ChannelOwner.runUntil(ChannelOwner.java:130)
	... 42 more
]]></failure>
  </testcase>
  <testcase name="CheckingItemsPrices" classname="Tests.CartTests" time="0">
    <skipped message="Error {&#10;  message=&apos;Target page, context or browser has been closed&#10;  name=&apos;TargetClosedError&#10;  stack=&apos;TargetClosedError: Target page, context or browser has been closed&#10;    at DispatcherConnection.dispatch (C:\Users\giga\AppData\Local\Temp\playwright-java-6764252199987345375\package\lib\server\dispatchers\dispatcher.js:273:44)&#10;    at transport.onmessage (C:\Users\giga\AppData\Local\Temp\playwright-java-6764252199987345375\package\lib\cli\driver.js:52:57)&#10;    at Immediate._onImmediate (C:\Users\giga\AppData\Local\Temp\playwright-java-6764252199987345375\package\lib\protocol\transport.js:77:34)&#10;    at process.processImmediate (node:internal/timers:491:21)&#10;}"/>
  </testcase>
  <testcase name="ValidLogin[{LoginEmail=w4rior44500@gmail.com, LoginPassword=12345678}](1)" classname="Tests.Login" time="1.584"/>
  <testcase name="AddItemsToCart[{SearchProduct=Top, Company=Vodoo, LoginEmail=w4rior44500@gmail.com, ZipCode=22222, FirstItemQuantity=3, Name=Mr. youssef sewalm, SecondItemQuantity=1, MobileNumber=01013940558, Address_1=شارع رقم 4 عماره 72 ميدان النافوره المقطم القاهره, EmptyCartMessage=empty!, Address_2=شارع رقم 4 عماره 72 ميدان النافوره المقطم القاهره, SecondItem=Men Tshirt, FirstItem=Blue Top, Country=India, AddedSuccessfullyMessage=Added!, LoginPassword=12345678}](1)" classname="Tests.AddingItemsToCart" time="3.367"/>
  <testcase name="CheckingProductDetails[{SearchProduct=Top, Company=Vodoo, LoginEmail=w4rior44500@gmail.com, ZipCode=22222, FirstItemQuantity=3, Name=Mr. youssef sewalm, SecondItemQuantity=1, MobileNumber=01013940558, Address_1=شارع رقم 4 عماره 72 ميدان النافوره المقطم القاهره, EmptyCartMessage=empty!, Address_2=شارع رقم 4 عماره 72 ميدان النافوره المقطم القاهره, SecondItem=Men Tshirt, FirstItem=Blue Top, Country=India, AddedSuccessfullyMessage=Added!, LoginPassword=12345678}](1)" classname="Tests.AddingItemsToCart" time="2.658"/>
  <testcase name="CheckingSearchFunctionality[{SearchProduct=Top, Company=Vodoo, LoginEmail=w4rior44500@gmail.com, ZipCode=22222, FirstItemQuantity=3, Name=Mr. youssef sewalm, SecondItemQuantity=1, MobileNumber=01013940558, Address_1=شارع رقم 4 عماره 72 ميدان النافوره المقطم القاهره, EmptyCartMessage=empty!, Address_2=شارع رقم 4 عماره 72 ميدان النافوره المقطم القاهره, SecondItem=Men Tshirt, FirstItem=Blue Top, Country=India, AddedSuccessfullyMessage=Added!, LoginPassword=12345678}](1)" classname="Tests.AddingItemsToCart" time="1.659"/>
</testsuite>