<?xml version="1.0" encoding="UTF-8"?>
<testng-results ignored="5" total="12" passed="6" failed="0" skipped="1">
  <reporter-output>
  </reporter-output>
  <suite started-at="2025-01-06T21:39:50Z" name="SmokeTests" finished-at="2025-01-06T21:41:22Z" duration-ms="91165">
    <groups>
      <group name="Smoke">
        <method signature="AddingItemsToCart.AddItemsToCart(java.util.HashMap)[pri:0, instance:Tests.AddingItemsToCart@6aa3a905]" name="AddItemsToCart" class="Tests.AddingItemsToCart"/>
        <method signature="AddingItemsToCart.CheckingProductDetails(java.util.HashMap)[pri:0, instance:Tests.AddingItemsToCart@6aa3a905]" name="CheckingProductDetails" class="Tests.AddingItemsToCart"/>
        <method signature="AddingItemsToCart.CheckingSearchFunctionality(java.util.HashMap)[pri:0, instance:Tests.AddingItemsToCart@6aa3a905]" name="CheckingSearchFunctionality" class="Tests.AddingItemsToCart"/>
        <method signature="CartTests.CheckingRemoveItemsFromCart(java.util.HashMap)[pri:0, instance:Tests.CartTests@f316aeb]" name="CheckingRemoveItemsFromCart" class="Tests.CartTests"/>
        <method signature="CartTests.CheckingItemsPrices(java.util.HashMap)[pri:0, instance:Tests.CartTests@f316aeb]" name="CheckingItemsPrices" class="Tests.CartTests"/>
        <method signature="Login.ValidLogin(java.util.HashMap)[pri:0, instance:Tests.Login@8dbfffb]" name="ValidLogin" class="Tests.Login"/>
        <method signature="SignUp.ValidSignUp()[pri:0, instance:Tests.SignUp@41d426b5]" name="ValidSignUp" class="Tests.SignUp"/>
      </group> <!-- Smoke -->
    </groups>
    <test started-at="2025-01-06T21:39:50Z" name="Test" finished-at="2025-01-06T21:41:22Z" duration-ms="91165">
      <class name="Tests.SignUp">
        <test-method is-config="true" signature="StartSession()[pri:0, instance:Tests.SignUp@41d426b5]" started-at="2025-01-06T21:39:50Z" name="StartSession" finished-at="2025-01-06T21:40:07Z" duration-ms="16533" status="PASS">
          <reporter-output>
          </reporter-output>
        </test-method> <!-- StartSession -->
        <test-method is-config="true" signature="NavigateToHomePage()[pri:0, instance:Tests.SignUp@41d426b5]" started-at="2025-01-06T21:40:07Z" name="NavigateToHomePage" finished-at="2025-01-06T21:40:08Z" duration-ms="775" status="PASS">
          <reporter-output>
          </reporter-output>
        </test-method> <!-- NavigateToHomePage -->
        <test-method signature="ValidSignUp()[pri:0, instance:Tests.SignUp@41d426b5]" started-at="2025-01-06T21:40:08Z" name="ValidSignUp" finished-at="2025-01-06T21:40:11Z" duration-ms="3306" status="PASS">
          <reporter-output>
          </reporter-output>
        </test-method> <!-- ValidSignUp -->
        <test-method is-config="true" signature="EndSession()[pri:0, instance:Tests.SignUp@41d426b5]" started-at="2025-01-06T21:40:11Z" name="EndSession" finished-at="2025-01-06T21:40:12Z" duration-ms="982" status="PASS">
          <reporter-output>
          </reporter-output>
        </test-method> <!-- EndSession -->
      </class> <!-- Tests.SignUp -->
      <class name="Tests.Login">
        <test-method is-config="true" signature="StartSession()[pri:0, instance:Tests.Login@8dbfffb]" started-at="2025-01-06T21:40:46Z" name="StartSession" finished-at="2025-01-06T21:40:55Z" duration-ms="8886" status="PASS">
          <reporter-output>
          </reporter-output>
        </test-method> <!-- StartSession -->
        <test-method is-config="true" signature="NavigateToHomePage()[pri:0, instance:Tests.Login@8dbfffb]" started-at="2025-01-06T21:40:55Z" name="NavigateToHomePage" finished-at="2025-01-06T21:40:55Z" duration-ms="790" status="PASS">
          <reporter-output>
          </reporter-output>
        </test-method> <!-- NavigateToHomePage -->
        <test-method signature="ValidLogin(java.util.HashMap)[pri:0, instance:Tests.Login@8dbfffb]" started-at="2025-01-06T21:40:55Z" name="ValidLogin" data-provider="getValidLoginData" finished-at="2025-01-06T21:40:57Z" duration-ms="1584" status="PASS">
          <params>
            <param index="0">
              <value>
                <![CDATA[{LoginEmail=w4rior44500@gmail.com, LoginPassword=12345678}]]>
              </value>
            </param>
          </params>
          <reporter-output>
          </reporter-output>
        </test-method> <!-- ValidLogin -->
        <test-method is-config="true" signature="EndSession()[pri:0, instance:Tests.Login@8dbfffb]" started-at="2025-01-06T21:40:57Z" name="EndSession" finished-at="2025-01-06T21:40:58Z" duration-ms="981" status="PASS">
          <reporter-output>
          </reporter-output>
        </test-method> <!-- EndSession -->
      </class> <!-- Tests.Login -->
      <class name="Tests.AddingItemsToCart">
        <test-method is-config="true" signature="StartSession()[pri:0, instance:Tests.AddingItemsToCart@6aa3a905]" started-at="2025-01-06T21:40:59Z" name="StartSession" finished-at="2025-01-06T21:41:11Z" duration-ms="12431" status="PASS">
          <reporter-output>
          </reporter-output>
        </test-method> <!-- StartSession -->
        <test-method is-config="true" signature="NavigateToHomePage()[pri:0, instance:Tests.AddingItemsToCart@6aa3a905]" started-at="2025-01-06T21:41:11Z" name="NavigateToHomePage" finished-at="2025-01-06T21:41:12Z" duration-ms="828" status="PASS">
          <reporter-output>
          </reporter-output>
        </test-method> <!-- NavigateToHomePage -->
        <test-method signature="AddItemsToCart(java.util.HashMap)[pri:0, instance:Tests.AddingItemsToCart@6aa3a905]" started-at="2025-01-06T21:41:12Z" name="AddItemsToCart" data-provider="ItemsAddedToCart" finished-at="2025-01-06T21:41:15Z" duration-ms="3352" status="PASS">
          <params>
            <param index="0">
              <value>
                <![CDATA[{SearchProduct=Top, Company=Vodoo, LoginEmail=w4rior44500@gmail.com, ZipCode=22222, FirstItemQuantity=3, Name=Mr. youssef sewalm, SecondItemQuantity=1, MobileNumber=01013940558, Address_1=شارع رقم 4 عماره 72 ميدان النافوره المقطم القاهره, EmptyCartMessage=empty!, Address_2=شارع رقم 4 عماره 72 ميدان النافوره المقطم القاهره, SecondItem=Men Tshirt, FirstItem=Blue Top, Country=India, AddedSuccessfullyMessage=Added!, LoginPassword=12345678}]]>
              </value>
            </param>
          </params>
          <reporter-output>
          </reporter-output>
        </test-method> <!-- AddItemsToCart -->
        <test-method is-config="true" signature="NavigateToHomePage()[pri:0, instance:Tests.AddingItemsToCart@6aa3a905]" started-at="2025-01-06T21:41:15Z" name="NavigateToHomePage" finished-at="2025-01-06T21:41:16Z" duration-ms="780" status="PASS">
          <reporter-output>
          </reporter-output>
        </test-method> <!-- NavigateToHomePage -->
        <test-method signature="CheckingProductDetails(java.util.HashMap)[pri:0, instance:Tests.AddingItemsToCart@6aa3a905]" started-at="2025-01-06T21:41:16Z" name="CheckingProductDetails" data-provider="ProductDetails" finished-at="2025-01-06T21:41:19Z" duration-ms="2658" status="PASS">
          <params>
            <param index="0">
              <value>
                <![CDATA[{SearchProduct=Top, Company=Vodoo, LoginEmail=w4rior44500@gmail.com, ZipCode=22222, FirstItemQuantity=3, Name=Mr. youssef sewalm, SecondItemQuantity=1, MobileNumber=01013940558, Address_1=شارع رقم 4 عماره 72 ميدان النافوره المقطم القاهره, EmptyCartMessage=empty!, Address_2=شارع رقم 4 عماره 72 ميدان النافوره المقطم القاهره, SecondItem=Men Tshirt, FirstItem=Blue Top, Country=India, AddedSuccessfullyMessage=Added!, LoginPassword=12345678}]]>
              </value>
            </param>
          </params>
          <reporter-output>
          </reporter-output>
        </test-method> <!-- CheckingProductDetails -->
        <test-method is-config="true" signature="NavigateToHomePage()[pri:0, instance:Tests.AddingItemsToCart@6aa3a905]" started-at="2025-01-06T21:41:19Z" name="NavigateToHomePage" finished-at="2025-01-06T21:41:19Z" duration-ms="390" status="PASS">
          <reporter-output>
          </reporter-output>
        </test-method> <!-- NavigateToHomePage -->
        <test-method signature="CheckingSearchFunctionality(java.util.HashMap)[pri:0, instance:Tests.AddingItemsToCart@6aa3a905]" started-at="2025-01-06T21:41:19Z" name="CheckingSearchFunctionality" data-provider="ProductDetails" finished-at="2025-01-06T21:41:21Z" duration-ms="1661" status="PASS">
          <params>
            <param index="0">
              <value>
                <![CDATA[{SearchProduct=Top, Company=Vodoo, LoginEmail=w4rior44500@gmail.com, ZipCode=22222, FirstItemQuantity=3, Name=Mr. youssef sewalm, SecondItemQuantity=1, MobileNumber=01013940558, Address_1=شارع رقم 4 عماره 72 ميدان النافوره المقطم القاهره, EmptyCartMessage=empty!, Address_2=شارع رقم 4 عماره 72 ميدان النافوره المقطم القاهره, SecondItem=Men Tshirt, FirstItem=Blue Top, Country=India, AddedSuccessfullyMessage=Added!, LoginPassword=12345678}]]>
              </value>
            </param>
          </params>
          <reporter-output>
          </reporter-output>
        </test-method> <!-- CheckingSearchFunctionality -->
        <test-method is-config="true" signature="EndSession()[pri:0, instance:Tests.AddingItemsToCart@6aa3a905]" started-at="2025-01-06T21:41:21Z" name="EndSession" finished-at="2025-01-06T21:41:22Z" duration-ms="777" status="PASS">
          <reporter-output>
          </reporter-output>
        </test-method> <!-- EndSession -->
      </class> <!-- Tests.AddingItemsToCart -->
      <class name="Tests.CartTests">
        <test-method is-config="true" signature="StartSession()[pri:0, instance:Tests.CartTests@f316aeb]" started-at="2025-01-06T21:40:12Z" name="StartSession" finished-at="2025-01-06T21:40:21Z" duration-ms="8927" status="PASS">
          <reporter-output>
          </reporter-output>
        </test-method> <!-- StartSession -->
        <test-method is-config="true" signature="NavigateToProductsPage()[pri:0, instance:Tests.CartTests@f316aeb]" started-at="2025-01-06T21:40:21Z" name="NavigateToProductsPage" finished-at="2025-01-06T21:40:22Z" duration-ms="765" status="PASS">
          <reporter-output>
          </reporter-output>
        </test-method> <!-- NavigateToProductsPage -->
        <test-method signature="CheckingRemoveItemsFromCart(java.util.HashMap)[pri:0, instance:Tests.CartTests@f316aeb]" started-at="2025-01-06T21:40:22Z" name="CheckingRemoveItemsFromCart" data-provider="ItemDetails" finished-at="2025-01-06T21:40:46Z" duration-ms="23600" status="PASS">
          <params>
            <param index="0">
              <value>
                <![CDATA[{SearchProduct=Top, Company=Vodoo, LoginEmail=w4rior44500@gmail.com, ZipCode=22222, FirstItemQuantity=3, Name=Mr. youssef sewalm, SecondItemQuantity=1, MobileNumber=01013940558, Address_1=شارع رقم 4 عماره 72 ميدان النافوره المقطم القاهره, EmptyCartMessage=empty!, Address_2=شارع رقم 4 عماره 72 ميدان النافوره المقطم القاهره, SecondItem=Men Tshirt, FirstItem=Blue Top, Country=India, AddedSuccessfullyMessage=Added!, LoginPassword=12345678}]]>
              </value>
            </param>
          </params>
          <reporter-output>
          </reporter-output>
        </test-method> <!-- CheckingRemoveItemsFromCart -->
        <test-method is-config="true" signature="NavigateToProductsPage()[pri:0, instance:Tests.CartTests@f316aeb]" started-at="2025-01-06T21:40:58Z" name="NavigateToProductsPage" finished-at="2025-01-06T21:40:58Z" duration-ms="13" status="FAIL">
          <exception class="com.microsoft.playwright.impl.TargetClosedError">
            <message>
              <![CDATA[Error {
  message='Target page, context or browser has been closed
  name='TargetClosedError
  stack='TargetClosedError: Target page, context or browser has been closed
    at DispatcherConnection.dispatch (C:\Users\giga\AppData\Local\Temp\playwright-java-6764252199987345375\package\lib\server\dispatchers\dispatcher.js:273:44)
    at transport.onmessage (C:\Users\giga\AppData\Local\Temp\playwright-java-6764252199987345375\package\lib\cli\driver.js:52:57)
    at Immediate._onImmediate (C:\Users\giga\AppData\Local\Temp\playwright-java-6764252199987345375\package\lib\protocol\transport.js:77:34)
    at process.processImmediate (node:internal/timers:491:21)
}]]>
            </message>
            <full-stacktrace>
              <![CDATA[com.microsoft.playwright.impl.TargetClosedError: Error {
  message='Target page, context or browser has been closed
  name='TargetClosedError
  stack='TargetClosedError: Target page, context or browser has been closed
    at DispatcherConnection.dispatch (C:\Users\giga\AppData\Local\Temp\playwright-java-6764252199987345375\package\lib\server\dispatchers\dispatcher.js:273:44)
    at transport.onmessage (C:\Users\giga\AppData\Local\Temp\playwright-java-6764252199987345375\package\lib\cli\driver.js:52:57)
    at Immediate._onImmediate (C:\Users\giga\AppData\Local\Temp\playwright-java-6764252199987345375\package\lib\protocol\transport.js:77:34)
    at process.processImmediate (node:internal/timers:491:21)
}
at com.microsoft.playwright.impl.WaitableResult.get(WaitableResult.java:54)
at com.microsoft.playwright.impl.ChannelOwner.runUntil(ChannelOwner.java:132)
at com.microsoft.playwright.impl.Connection.sendMessage(Connection.java:130)
at com.microsoft.playwright.impl.ChannelOwner.sendMessage(ChannelOwner.java:118)
at com.microsoft.playwright.impl.FrameImpl.clickImpl(FrameImpl.java:252)
at com.microsoft.playwright.impl.PageImpl.lambda$click$18(PageImpl.java:688)
at com.microsoft.playwright.impl.LoggingSupport.lambda$withLogging$0(LoggingSupport.java:36)
at com.microsoft.playwright.impl.LoggingSupport.withLogging(LoggingSupport.java:47)
at com.microsoft.playwright.impl.ChannelOwner.withLogging(ChannelOwner.java:97)
at com.microsoft.playwright.impl.LoggingSupport.withLogging(LoggingSupport.java:35)
at com.microsoft.playwright.impl.PageImpl.click(PageImpl.java:687)
at com.microsoft.playwright.Page.click(Page.java:3914)
at coreElements.Links.Click(Links.java:16)
at Tests.CartTests.NavigateToProductsPage(CartTests.java:26)
at java.base/jdk.internal.reflect.DirectMethodHandleAccessor.invoke(DirectMethodHandleAccessor.java:103)
at java.base/java.lang.reflect.Method.invoke(Method.java:580)
at org.testng.internal.MethodInvocationHelper.invokeMethod(MethodInvocationHelper.java:124)
at org.testng.internal.MethodInvocationHelper.invokeMethodConsideringTimeout(MethodInvocationHelper.java:59)
at org.testng.internal.Invoker.invokeConfigurationMethod(Invoker.java:458)
at org.testng.internal.Invoker.invokeConfigurations(Invoker.java:222)
at org.testng.internal.Invoker.invokeMethod(Invoker.java:523)
at org.testng.internal.Invoker.invokeTestMethod(Invoker.java:719)
at org.testng.internal.Invoker.invokeTestMethods(Invoker.java:989)
at org.testng.internal.TestMethodWorker.invokeTestMethods(TestMethodWorker.java:125)
at org.testng.internal.TestMethodWorker.run(TestMethodWorker.java:109)
at org.testng.TestRunner.privateRun(TestRunner.java:648)
at org.testng.TestRunner.run(TestRunner.java:505)
at org.testng.SuiteRunner.runTest(SuiteRunner.java:455)
at org.testng.SuiteRunner.runSequentially(SuiteRunner.java:450)
at org.testng.SuiteRunner.privateRun(SuiteRunner.java:415)
at org.testng.SuiteRunner.run(SuiteRunner.java:364)
at org.testng.SuiteRunnerWorker.runSuite(SuiteRunnerWorker.java:52)
at org.testng.SuiteRunnerWorker.run(SuiteRunnerWorker.java:84)
at org.testng.TestNG.runSuitesSequentially(TestNG.java:1208)
at org.testng.TestNG.runSuitesLocally(TestNG.java:1137)
at org.testng.TestNG.runSuites(TestNG.java:1049)
at org.testng.TestNG.run(TestNG.java:1017)
at org.apache.maven.surefire.testng.TestNGExecutor.run(TestNGExecutor.java:324)
at org.apache.maven.surefire.testng.TestNGXmlTestSuite.execute(TestNGXmlTestSuite.java:74)
at org.apache.maven.surefire.testng.TestNGProvider.invoke(TestNGProvider.java:123)
at org.apache.maven.surefire.booter.ForkedBooter.runSuitesInProcess(ForkedBooter.java:456)
at org.apache.maven.surefire.booter.ForkedBooter.execute(ForkedBooter.java:169)
at org.apache.maven.surefire.booter.ForkedBooter.run(ForkedBooter.java:595)
at org.apache.maven.surefire.booter.ForkedBooter.main(ForkedBooter.java:581)
Caused by: com.microsoft.playwright.impl.TargetClosedError: Error {
  message='Target page, context or browser has been closed
  name='TargetClosedError
  stack='TargetClosedError: Target page, context or browser has been closed
    at DispatcherConnection.dispatch (C:\Users\giga\AppData\Local\Temp\playwright-java-6764252199987345375\package\lib\server\dispatchers\dispatcher.js:273:44)
    at transport.onmessage (C:\Users\giga\AppData\Local\Temp\playwright-java-6764252199987345375\package\lib\cli\driver.js:52:57)
    at Immediate._onImmediate (C:\Users\giga\AppData\Local\Temp\playwright-java-6764252199987345375\package\lib\protocol\transport.js:77:34)
    at process.processImmediate (node:internal/timers:491:21)
}
at com.microsoft.playwright.impl.Connection.dispatch(Connection.java:256)
at com.microsoft.playwright.impl.Connection.processOneMessage(Connection.java:211)
at com.microsoft.playwright.impl.ChannelOwner.runUntil(ChannelOwner.java:130)
... 42 more
]]>
            </full-stacktrace>
          </exception> <!-- com.microsoft.playwright.impl.TargetClosedError -->
          <reporter-output>
          </reporter-output>
        </test-method> <!-- NavigateToProductsPage -->
        <test-method signature="CheckingItemsPrices(java.util.HashMap)[pri:0, instance:Tests.CartTests@f316aeb]" started-at="2025-01-06T21:40:58Z" name="CheckingItemsPrices" data-provider="PurchasedItems" finished-at="2025-01-06T21:40:58Z" depends-on-methods="Tests.CartTests.CheckingRemoveItemsFromCart" duration-ms="0" status="SKIP">
          <exception class="com.microsoft.playwright.impl.TargetClosedError">
            <message>
              <![CDATA[Error {
  message='Target page, context or browser has been closed
  name='TargetClosedError
  stack='TargetClosedError: Target page, context or browser has been closed
    at DispatcherConnection.dispatch (C:\Users\giga\AppData\Local\Temp\playwright-java-6764252199987345375\package\lib\server\dispatchers\dispatcher.js:273:44)
    at transport.onmessage (C:\Users\giga\AppData\Local\Temp\playwright-java-6764252199987345375\package\lib\cli\driver.js:52:57)
    at Immediate._onImmediate (C:\Users\giga\AppData\Local\Temp\playwright-java-6764252199987345375\package\lib\protocol\transport.js:77:34)
    at process.processImmediate (node:internal/timers:491:21)
}]]>
            </message>
            <full-stacktrace>
              <![CDATA[com.microsoft.playwright.impl.TargetClosedError: Error {
  message='Target page, context or browser has been closed
  name='TargetClosedError
  stack='TargetClosedError: Target page, context or browser has been closed
    at DispatcherConnection.dispatch (C:\Users\giga\AppData\Local\Temp\playwright-java-6764252199987345375\package\lib\server\dispatchers\dispatcher.js:273:44)
    at transport.onmessage (C:\Users\giga\AppData\Local\Temp\playwright-java-6764252199987345375\package\lib\cli\driver.js:52:57)
    at Immediate._onImmediate (C:\Users\giga\AppData\Local\Temp\playwright-java-6764252199987345375\package\lib\protocol\transport.js:77:34)
    at process.processImmediate (node:internal/timers:491:21)
}
at com.microsoft.playwright.impl.WaitableResult.get(WaitableResult.java:54)
at com.microsoft.playwright.impl.ChannelOwner.runUntil(ChannelOwner.java:132)
at com.microsoft.playwright.impl.Connection.sendMessage(Connection.java:130)
at com.microsoft.playwright.impl.ChannelOwner.sendMessage(ChannelOwner.java:118)
at com.microsoft.playwright.impl.FrameImpl.clickImpl(FrameImpl.java:252)
at com.microsoft.playwright.impl.PageImpl.lambda$click$18(PageImpl.java:688)
at com.microsoft.playwright.impl.LoggingSupport.lambda$withLogging$0(LoggingSupport.java:36)
at com.microsoft.playwright.impl.LoggingSupport.withLogging(LoggingSupport.java:47)
at com.microsoft.playwright.impl.ChannelOwner.withLogging(ChannelOwner.java:97)
at com.microsoft.playwright.impl.LoggingSupport.withLogging(LoggingSupport.java:35)
at com.microsoft.playwright.impl.PageImpl.click(PageImpl.java:687)
at com.microsoft.playwright.Page.click(Page.java:3914)
at coreElements.Links.Click(Links.java:16)
at Tests.CartTests.NavigateToProductsPage(CartTests.java:26)
at java.base/jdk.internal.reflect.DirectMethodHandleAccessor.invoke(DirectMethodHandleAccessor.java:103)
at java.base/java.lang.reflect.Method.invoke(Method.java:580)
at org.testng.internal.MethodInvocationHelper.invokeMethod(MethodInvocationHelper.java:124)
at org.testng.internal.MethodInvocationHelper.invokeMethodConsideringTimeout(MethodInvocationHelper.java:59)
at org.testng.internal.Invoker.invokeConfigurationMethod(Invoker.java:458)
at org.testng.internal.Invoker.invokeConfigurations(Invoker.java:222)
at org.testng.internal.Invoker.invokeMethod(Invoker.java:523)
at org.testng.internal.Invoker.invokeTestMethod(Invoker.java:719)
at org.testng.internal.Invoker.invokeTestMethods(Invoker.java:989)
at org.testng.internal.TestMethodWorker.invokeTestMethods(TestMethodWorker.java:125)
at org.testng.internal.TestMethodWorker.run(TestMethodWorker.java:109)
at org.testng.TestRunner.privateRun(TestRunner.java:648)
at org.testng.TestRunner.run(TestRunner.java:505)
at org.testng.SuiteRunner.runTest(SuiteRunner.java:455)
at org.testng.SuiteRunner.runSequentially(SuiteRunner.java:450)
at org.testng.SuiteRunner.privateRun(SuiteRunner.java:415)
at org.testng.SuiteRunner.run(SuiteRunner.java:364)
at org.testng.SuiteRunnerWorker.runSuite(SuiteRunnerWorker.java:52)
at org.testng.SuiteRunnerWorker.run(SuiteRunnerWorker.java:84)
at org.testng.TestNG.runSuitesSequentially(TestNG.java:1208)
at org.testng.TestNG.runSuitesLocally(TestNG.java:1137)
at org.testng.TestNG.runSuites(TestNG.java:1049)
at org.testng.TestNG.run(TestNG.java:1017)
at org.apache.maven.surefire.testng.TestNGExecutor.run(TestNGExecutor.java:324)
at org.apache.maven.surefire.testng.TestNGXmlTestSuite.execute(TestNGXmlTestSuite.java:74)
at org.apache.maven.surefire.testng.TestNGProvider.invoke(TestNGProvider.java:123)
at org.apache.maven.surefire.booter.ForkedBooter.runSuitesInProcess(ForkedBooter.java:456)
at org.apache.maven.surefire.booter.ForkedBooter.execute(ForkedBooter.java:169)
at org.apache.maven.surefire.booter.ForkedBooter.run(ForkedBooter.java:595)
at org.apache.maven.surefire.booter.ForkedBooter.main(ForkedBooter.java:581)
Caused by: com.microsoft.playwright.impl.TargetClosedError: Error {
  message='Target page, context or browser has been closed
  name='TargetClosedError
  stack='TargetClosedError: Target page, context or browser has been closed
    at DispatcherConnection.dispatch (C:\Users\giga\AppData\Local\Temp\playwright-java-6764252199987345375\package\lib\server\dispatchers\dispatcher.js:273:44)
    at transport.onmessage (C:\Users\giga\AppData\Local\Temp\playwright-java-6764252199987345375\package\lib\cli\driver.js:52:57)
    at Immediate._onImmediate (C:\Users\giga\AppData\Local\Temp\playwright-java-6764252199987345375\package\lib\protocol\transport.js:77:34)
    at process.processImmediate (node:internal/timers:491:21)
}
at com.microsoft.playwright.impl.Connection.dispatch(Connection.java:256)
at com.microsoft.playwright.impl.Connection.processOneMessage(Connection.java:211)
at com.microsoft.playwright.impl.ChannelOwner.runUntil(ChannelOwner.java:130)
... 42 more
]]>
            </full-stacktrace>
          </exception> <!-- com.microsoft.playwright.impl.TargetClosedError -->
          <reporter-output>
          </reporter-output>
        </test-method> <!-- CheckingItemsPrices -->
        <test-method is-config="true" signature="EndSession()[pri:0, instance:Tests.CartTests@f316aeb]" started-at="2025-01-06T21:40:58Z" name="EndSession" finished-at="2025-01-06T21:40:59Z" duration-ms="727" status="PASS">
          <reporter-output>
          </reporter-output>
        </test-method> <!-- EndSession -->
      </class> <!-- Tests.CartTests -->
    </test> <!-- Test -->
  </suite> <!-- SmokeTests -->
</testng-results>
