<?xml version="1.0" encoding="UTF-8"?>
<!-- Generated by org.testng.reporters.JUnitXMLReporter -->
<testsuite ignored="5" hostname="DESKTOP-7BSILN1" failures="0" tests="7" name="Test" time="91.165" errors="0" timestamp="06 Jan 2025 21:41:22 GMT">
  <testcase classname="Tests.CartTests" name="@BeforeMethod NavigateToProductsPage" time="0.013">
    <failure type="com.microsoft.playwright.impl.TargetClosedError" message="Error {
  message=&amp;apos;Target page, context or browser has been closed
  name=&amp;apos;TargetClosedError
  stack=&amp;apos;TargetClosedError: Target page, context or browser has been closed
    at DispatcherConnection.dispatch (C:\Users\giga\AppData\Local\Temp\playwright-java-6764252199987345375\package\lib\server\dispatchers\dispatcher.js:273:44)
    at transport.onmessage (C:\Users\giga\AppData\Local\Temp\playwright-java-6764252199987345375\package\lib\cli\driver.js:52:57)
    at Immediate._onImmediate (C:\Users\giga\AppData\Local\Temp\playwright-java-6764252199987345375\package\lib\protocol\transport.js:77:34)
    at process.processImmediate (node:internal/timers:491:21)
}">
      <![CDATA[com.microsoft.playwright.impl.TargetClosedError: Error {
  message='Target page, context or browser has been closed
  name='TargetClosedError
  stack='TargetClosedError: Target page, context or browser has been closed
    at DispatcherConnection.dispatch (C:\Users\giga\AppData\Local\Temp\playwright-java-6764252199987345375\package\lib\server\dispatchers\dispatcher.js:273:44)
    at transport.onmessage (C:\Users\giga\AppData\Local\Temp\playwright-java-6764252199987345375\package\lib\cli\driver.js:52:57)
    at Immediate._onImmediate (C:\Users\giga\AppData\Local\Temp\playwright-java-6764252199987345375\package\lib\protocol\transport.js:77:34)
    at process.processImmediate (node:internal/timers:491:21)
}
at com.microsoft.playwright.impl.WaitableResult.get(WaitableResult.java:54)
at com.microsoft.playwright.impl.ChannelOwner.runUntil(ChannelOwner.java:132)
at com.microsoft.playwright.impl.Connection.sendMessage(Connection.java:130)
at com.microsoft.playwright.impl.ChannelOwner.sendMessage(ChannelOwner.java:118)
at com.microsoft.playwright.impl.FrameImpl.clickImpl(FrameImpl.java:252)
at com.microsoft.playwright.impl.PageImpl.lambda$click$18(PageImpl.java:688)
at com.microsoft.playwright.impl.LoggingSupport.lambda$withLogging$0(LoggingSupport.java:36)
at com.microsoft.playwright.impl.LoggingSupport.withLogging(LoggingSupport.java:47)
at com.microsoft.playwright.impl.ChannelOwner.withLogging(ChannelOwner.java:97)
at com.microsoft.playwright.impl.LoggingSupport.withLogging(LoggingSupport.java:35)
at com.microsoft.playwright.impl.PageImpl.click(PageImpl.java:687)
at com.microsoft.playwright.Page.click(Page.java:3914)
at coreElements.Links.Click(Links.java:16)
at Tests.CartTests.NavigateToProductsPage(CartTests.java:26)
Caused by: com.microsoft.playwright.impl.TargetClosedError: Error {
  message='Target page, context or browser has been closed
  name='TargetClosedError
  stack='TargetClosedError: Target page, context or browser has been closed
    at DispatcherConnection.dispatch (C:\Users\giga\AppData\Local\Temp\playwright-java-6764252199987345375\package\lib\server\dispatchers\dispatcher.js:273:44)
    at transport.onmessage (C:\Users\giga\AppData\Local\Temp\playwright-java-6764252199987345375\package\lib\cli\driver.js:52:57)
    at Immediate._onImmediate (C:\Users\giga\AppData\Local\Temp\playwright-java-6764252199987345375\package\lib\protocol\transport.js:77:34)
    at process.processImmediate (node:internal/timers:491:21)
}
at com.microsoft.playwright.impl.Connection.dispatch(Connection.java:256)
at com.microsoft.playwright.impl.Connection.processOneMessage(Connection.java:211)
at com.microsoft.playwright.impl.ChannelOwner.runUntil(ChannelOwner.java:130)
... 42 more
... Removed 30 stack frames]]>
    </failure>
  </testcase> <!-- @BeforeMethod NavigateToProductsPage -->
  <testcase classname="Tests.SignUp" name="ValidSignUp" time="3.306"/>
  <testcase classname="Tests.CartTests" name="CheckingRemoveItemsFromCart" time="23.6"/>
  <testcase classname="Tests.Login" name="ValidLogin" time="1.584"/>
  <testcase classname="Tests.CartTests" name="CheckingItemsPrices" time="0.0">
    <skipped/>
  </testcase> <!-- CheckingItemsPrices -->
  <testcase classname="Tests.AddingItemsToCart" name="AddItemsToCart" time="3.352"/>
  <testcase classname="Tests.AddingItemsToCart" name="CheckingProductDetails" time="2.658"/>
  <testcase classname="Tests.AddingItemsToCart" name="CheckingSearchFunctionality" time="1.661"/>
  <testcase classname="Tests.PurchaseTests" name="FullPurchaseProcessAlreadyLogin" time="0.0">
    <ignored/>
  </testcase> <!-- FullPurchaseProcessAlreadyLogin -->
  <testcase classname="Tests.PurchaseTests" name="FullPurchaseProcessNotLoggedIn" time="0.0">
    <ignored/>
  </testcase> <!-- FullPurchaseProcessNotLoggedIn -->
  <testcase classname="Tests.SignUp" name="InvalidRegisterUsingAlreadyRegisteredEmail" time="0.0">
    <ignored/>
  </testcase> <!-- InvalidRegisterUsingAlreadyRegisteredEmail -->
  <testcase classname="Tests.PurchaseTests" name="FullPurchaseProcessNotRegistered" time="0.0">
    <ignored/>
  </testcase> <!-- FullPurchaseProcessNotRegistered -->
  <testcase classname="Tests.Login" name="InValidLogin" time="0.0">
    <ignored/>
  </testcase> <!-- InValidLogin -->
</testsuite> <!-- Test -->
